"temp-pressure-outlet-rfile"
"Iteration" "temp-pressure-outlet"
("Iteration" "temp-pressure-outlet")
3 296.1281882809801
6 295.9161406630333
9 295.6031469685043
12 295.392242194085
15 295.1969298995994
18 295.0428186324073
21 294.9703581543046
24 294.9367743601146
27 294.9234202558428
30 294.9353816730489
33 294.9581280309243
36 294.9658074363833
39 294.9734126241813
42 294.9872952402112
45 295.012619929745
48 295.0545363116998
51 295.1126986441092
54 295.1791366840849
57 295.2467328829916
60 295.3125253727043
63 295.3792651065074
66 295.4459310552053
69 295.5093124097393
72 295.5593318244764
75 295.6029281225505
78 295.6401849287739
81 295.6705999927181
84 295.6949543008653
87 295.7122345862774
90 295.7226697011673
93 295.7274721666336
96 295.7254753845549
99 295.7168127691098
102 295.7010212981835
105 295.6774964786916
108 295.647179353128
111 295.6101197597205
114 295.5682157677678
117 295.5237669011523
120 295.4795363764223
123 295.4392700842441
126 295.40513438608
129 295.3773344895928
132 295.3557525092398
135 295.3371654196462
138 295.3213971093006
141 295.3078930673089
144 295.2958201167164
147 295.2863587223801
150 295.2792900761239
153 295.2740289937993
156 295.2710983111186
159 295.2684506560165
162 295.2664781446708
165 295.2648124877063
168 295.2623681257826
171 295.2599394896756
174 295.2573098714637
177 295.2540155484826
180 295.251337417241
183 295.2479884710431
186 295.2450653188107
189 295.2425598345588
192 295.2397675085121
195 295.237752220367
198 295.2359437954855
201 295.2340220220421
204 295.2330434088003
207 295.2315284705422
210 295.2304551989543
213 295.2298069586869
216 295.2287709076991
219 295.2284006039512
222 295.2280669269997
225 295.2273993213274
228 295.2275320055978
231 295.2269908504837
234 295.2266776798957
237 295.2266723266376
240 295.2261052639927
243 295.2260913608757
246 295.2260476297574
249 295.2255584452981
252 295.2258247428799
255 295.2253632348906
258 295.2251022165828
261 295.2251258246047
264 295.2246051454417
267 295.2246189994232
270 295.2246438432016
